<?xml version="1.0" encoding="UTF-8" ?>
<testsuite errors="0" skipped="0" tests="1" time="0.047" failures="0" name="com.atlassian.plugins.tutorial.jira.report.MyPluginTest">
  <properties>
    <property value="Java(TM) 2 Runtime Environment, Standard Edition" name="java.runtime.name"/>
    <property value="D:\devtools\jdk1.5.0_22\jre\bin" name="sun.boot.library.path"/>
    <property value="1.5.0_22-b03" name="java.vm.version"/>
    <property value="Sun Microsystems Inc." name="java.vm.vendor"/>
    <property value="http://java.sun.com/" name="java.vendor.url"/>
    <property value=";" name="path.separator"/>
    <property value="Java HotSpot(TM) Client VM" name="java.vm.name"/>
    <property value="sun.io" name="file.encoding.pkg"/>
    <property value="DE" name="user.country"/>
    <property value="SUN_STANDARD" name="sun.java.launcher"/>
    <property value="Service Pack 3" name="sun.os.patch.level"/>
    <property value="Java Virtual Machine Specification" name="java.vm.specification.name"/>
    <property value="C:\atlassian-plugin-sdk-3.2\jira-report-plugin" name="user.dir"/>
    <property value="1.5.0_22-b03" name="java.runtime.version"/>
    <property value="sun.awt.Win32GraphicsEnvironment" name="java.awt.graphicsenv"/>
    <property value="C:\atlassian-plugin-sdk-3.2\jira-report-plugin" name="basedir"/>
    <property value="D:\devtools\jdk1.5.0_22\jre\lib\endorsed" name="java.endorsed.dirs"/>
    <property value="x86" name="os.arch"/>
    <property value="C:\DOKUME~1\sm30264\LOKALE~1\Temp\surefirebooter6085472016948149384.jar" name="surefire.real.class.path"/>
    <property value="C:\DOKUME~1\sm30264\LOKALE~1\Temp\" name="java.io.tmpdir"/>
    <property value="
" name="line.separator"/>
    <property value="Sun Microsystems Inc." name="java.vm.specification.vendor"/>
    <property value="" name="user.variant"/>
    <property value="Windows XP" name="os.name"/>
    <property value="Cp1252" name="sun.jnu.encoding"/>
    <property value="D:\devtools\jdk1.5.0_22\jre\bin;.;C:\WINNT\system32;C:\WINNT;C:\WINNT\system32;C:\WINNT;C:\WINNT\System32\Wbem;D:\devtools\jdk1.5.0_22\bin;P:\ORA95\NETWORK\ADMIN;D:\ORANT;c:\Programme\Microsoft SQL Server\90\Tools\bin\;D:\devtools\apache-ant-1.7.1\bin;C:\WINNT\Microsoft.NET\Framework\v3.5;C:\Programme\TortoiseSVN\bin;D:\devtools\jdk1.5.0_22\bin;C:\Programme\WinRAR;C:\Programme\Oracle\products\10.2\client;C:\Programme\Oracle\jre\1.1.7\bin;C:\Programme\GTK2-Runtime\bin;C:\atlassian-plugin-sdk-3.2\bin" name="java.library.path"/>
    <property value="C:\atlassian-plugin-sdk-3.2\jira-report-plugin\target\test-classes;C:\atlassian-plugin-sdk-3.2\jira-report-plugin\target\classes;C:\Dokumente und Einstellungen\sm30264\.m2\repository\com\atlassian\jira\atlassian-jira\4.1.2\atlassian-jira-4.1.2.jar;C:\Dokumente und Einstellungen\sm30264\.m2\repository\com\atlassian\crowd\crowd-integration-client\2.0.4\crowd-integration-client-2.0.4.jar;C:\Dokumente und Einstellungen\sm30264\.m2\repository\commons-lang\commons-lang\2.4\commons-lang-2.4.jar;C:\Dokumente und Einstellungen\sm30264\.m2\repository\log4j\log4j\1.2.15\log4j-1.2.15.jar;C:\Dokumente und Einstellungen\sm30264\.m2\repository\org\codehaus\xfire\xfire-core\1.2.6\xfire-core-1.2.6.jar;C:\Dokumente und Einstellungen\sm30264\.m2\repository\javax\activation\activation\1.1.1\activation-1.1.1.jar;C:\Dokumente und Einstellungen\sm30264\.m2\repository\wsdl4j\wsdl4j\1.6.1\wsdl4j-1.6.1.jar;C:\Dokumente und Einstellungen\sm30264\.m2\repository\jaxen\jaxen\1.1.1\jaxen-1.1.1.jar;C:\Dokumente und Einstellungen\sm30264\.m2\repository\jdom\jdom\1.0\jdom-1.0.jar;C:\Dokumente und Einstellungen\sm30264\.m2\repository\xerces\xmlParserAPIs\2.2.1\xmlParserAPIs-2.2.1.jar;C:\Dokumente und Einstellungen\sm30264\.m2\repository\xerces\xercesImpl\2.9.1\xercesImpl-2.9.1.jar;C:\Dokumente und Einstellungen\sm30264\.m2\repository\stax\stax-api\1.0.1\stax-api-1.0.1.jar;C:\Dokumente und Einstellungen\sm30264\.m2\repository\commons-codec\commons-codec\1.3\commons-codec-1.3.jar;C:\Dokumente und Einstellungen\sm30264\.m2\repository\org\apache\ws\commons\XmlSchema\1.1\XmlSchema-1.1.jar;C:\Dokumente und Einstellungen\sm30264\.m2\repository\org\codehaus\woodstox\wstx-asl\3.2.4\wstx-asl-3.2.4.jar;C:\Dokumente und Einstellungen\sm30264\.m2\repository\commons-logging\commons-logging\1.0.4\commons-logging-1.0.4.jar;C:\Dokumente und Einstellungen\sm30264\.m2\repository\commons-httpclient\commons-httpclient\3.0.1\commons-httpclient-3.0.1.jar;C:\Dokumente und Einstellungen\sm30264\.m2\repository\org\codehaus\xfire\xfire-aegis\1.2.6\xfire-aegis-1.2.6.jar;C:\Dokumente und Einstellungen\sm30264\.m2\repository\net\java\dev\stax-utils\stax-utils\20040917\stax-utils-20040917.jar;C:\Dokumente und Einstellungen\sm30264\.m2\repository\org\codehaus\xfire\xfire-java5\1.2.6\xfire-java5-1.2.6.jar;C:\Dokumente und Einstellungen\sm30264\.m2\repository\org\codehaus\xfire\xfire-annotations\1.2.6\xfire-annotations-1.2.6.jar;C:\Dokumente und Einstellungen\sm30264\.m2\repository\commons-beanutils\commons-beanutils\1.6.1\commons-beanutils-1.6.1.jar;C:\Dokumente und Einstellungen\sm30264\.m2\repository\commons-attributes\commons-attributes-api\2.1\commons-attributes-api-2.1.jar;C:\Dokumente und Einstellungen\sm30264\.m2\repository\qdox\qdox\1.5\qdox-1.5.jar;C:\Dokumente und Einstellungen\sm30264\.m2\repository\xfire\xfire-jsr181-api\1.0-M1\xfire-jsr181-api-1.0-M1.jar;C:\Dokumente und Einstellungen\sm30264\.m2\repository\net\sf\ehcache\ehcache\1.2.3\ehcache-1.2.3.jar;C:\Dokumente und Einstellungen\sm30264\.m2\repository\commons-collections\commons-collections\3.2\commons-collections-3.2.jar;C:\Dokumente und Einstellungen\sm30264\.m2\repository\javax\mail\mail\1.4.1\mail-1.4.1.jar;C:\Dokumente und Einstellungen\sm30264\.m2\repository\junit\junit\4.6\junit-4.6.jar;C:\Dokumente und Einstellungen\sm30264\.m2\repository\com\atlassian\sal\sal-spi\2.0.17\sal-spi-2.0.17.jar;C:\Dokumente und Einstellungen\sm30264\.m2\repository\com\atlassian\gadgets\atlassian-gadgets-api\1.1.5.1\atlassian-gadgets-api-1.1.5.1.jar;C:\Dokumente und Einstellungen\sm30264\.m2\repository\net\sourceforge\findbugs\jsr305\1.3.2\jsr305-1.3.2.jar;C:\Dokumente und Einstellungen\sm30264\.m2\repository\net\jcip\jcip-annotations\1.0\jcip-annotations-1.0.jar;C:\Dokumente und Einstellungen\sm30264\.m2\repository\com\atlassian\gadgets\atlassian-gadgets-spi\1.1.5.1\atlassian-gadgets-spi-1.1.5.1.jar;C:\Dokumente und Einstellungen\sm30264\.m2\repository\com\atlassian\oauth\atlassian-oauth-api\1.0.8.1\atlassian-oauth-api-1.0.8.1.jar;C:\Dokumente und Einstellungen\sm30264\.m2\repository\com\atlassian\p4package\atlassian-p4package\2007.12.14\atlassian-p4package-2007.12.14.jar;C:\Dokumente und Einstellungen\sm30264\.m2\repository\com\atlassian\extras\atlassian-extras\2.2.2\atlassian-extras-2.2.2.jar;C:\Dokumente und Einstellungen\sm30264\.m2\repository\com\atlassian\cache\atlassian-cache-api\1.0\atlassian-cache-api-1.0.jar;C:\Dokumente und Einstellungen\sm30264\.m2\repository\com\atlassian\cache\atlassian-cache-memory\1.0\atlassian-cache-memory-1.0.jar;C:\Dokumente und Einstellungen\sm30264\.m2\repository\joda-time\joda-time\1.6\joda-time-1.6.jar;C:\Dokumente und Einstellungen\sm30264\.m2\repository\commons-io\commons-io\1.4\commons-io-1.4.jar;C:\Dokumente und Einstellungen\sm30264\.m2\repository\javax\jms\jms\1.1\jms-1.1.jar;C:\Dokumente und Einstellungen\sm30264\.m2\repository\dom4j\dom4j\1.4\dom4j-1.4.jar;C:\Dokumente und Einstellungen\sm30264\.m2\repository\xml-apis\xml-apis\1.3.04\xml-apis-1.3.04.jar;C:\Dokumente und Einstellungen\sm30264\.m2\repository\oro\oro\2.0.7\oro-2.0.7.jar;C:\Dokumente und Einstellungen\sm30264\.m2\repository\com\atlassian\core\atlassian-core\4.5.5\atlassian-core-4.5.5.jar;C:\Dokumente und Einstellungen\sm30264\.m2\repository\mockobjects\alt-jdk1.3\0.07\alt-jdk1.3-0.07.jar;C:\Dokumente und Einstellungen\sm30264\.m2\repository\com\atlassian\webwork1\atlassian-webwork1\1.1\atlassian-webwork1-1.1.jar;C:\Dokumente und Einstellungen\sm30264\.m2\repository\atlassian-bandana\atlassian-bandana\0.1.13\atlassian-bandana-0.1.13.jar;C:\Dokumente und Einstellungen\sm30264\.m2\repository\com\atlassian\util\concurrent\atlassian-util-concurrent\0.0.9\atlassian-util-concurrent-0.0.9.jar;C:\Dokumente und Einstellungen\sm30264\.m2\repository\com\atlassian\ofbiz\atlassian-ofbiz\2.7.3\atlassian-ofbiz-2.7.3.jar;C:\Dokumente und Einstellungen\sm30264\.m2\repository\javax\servlet\servlet-api\2.3\servlet-api-2.3.jar;C:\Dokumente und Einstellungen\sm30264\.m2\repository\com\atlassian\profiling\atlassian-profiling\1.8\atlassian-profiling-1.8.jar;C:\Dokumente und Einstellungen\sm30264\.m2\repository\org\slf4j\slf4j-api\1.5.8\slf4j-api-1.5.8.jar;C:\Dokumente und Einstellungen\sm30264\.m2\repository\org\slf4j\slf4j-log4j12\1.5.8\slf4j-log4j12-1.5.8.jar;C:\Dokumente und Einstellungen\sm30264\.m2\repository\org\slf4j\jul-to-slf4j\1.5.8\jul-to-slf4j-1.5.8.jar;C:\Dokumente und Einstellungen\sm30264\.m2\repository\org\slf4j\jcl-over-slf4j\1.5.8\jcl-over-slf4j-1.5.8.jar;C:\Dokumente und Einstellungen\sm30264\.m2\repository\com\atlassian\jdk\utilities\atlassian-jdk-utilities\0.4\atlassian-jdk-utilities-0.4.jar;C:\Dokumente und Einstellungen\sm30264\.m2\repository\com\atlassian\mail\atlassian-mail\1.16\atlassian-mail-1.16.jar;C:\Dokumente und Einstellungen\sm30264\.m2\repository\com\atlassian\velocity\atlassian-velocity\0.8\atlassian-velocity-0.8.jar;C:\Dokumente und Einstellungen\sm30264\.m2\repository\opensymphony\oscore\2.2.7-atlassian-1\oscore-2.2.7-atlassian-1.jar;C:\Dokumente und Einstellungen\sm30264\.m2\repository\velocity\velocity\1.4-atlassian-8\velocity-1.4-atlassian-8.jar;C:\Dokumente und Einstellungen\sm30264\.m2\repository\mockobjects\mockobjects-alt-jdk1.3-j2ee1.3\0.09\mockobjects-alt-jdk1.3-j2ee1.3-0.09.jar;C:\Dokumente und Einstellungen\sm30264\.m2\repository\commons-digester\commons-digester\1.4.1\commons-digester-1.4.1.jar;C:\Dokumente und Einstellungen\sm30264\.m2\repository\com\atlassian\scheduler\atlassian-scheduler\0.11\atlassian-scheduler-0.11.jar;C:\Dokumente und Einstellungen\sm30264\.m2\repository\quartz\quartz\1.4.5\quartz-1.4.5.jar;C:\Dokumente und Einstellungen\sm30264\.m2\repository\com\atlassian\johnson\atlassian-johnson\0.10\atlassian-johnson-0.10.jar;C:\Dokumente und Einstellungen\sm30264\.m2\repository\oscore\oscore\2.2.6-dev-9Nov05\oscore-2.2.6-dev-9Nov05.jar;C:\Dokumente und Einstellungen\sm30264\.m2\repository\com\atlassian\plugins\atlassian-plugins-core\2.4.4\atlassian-plugins-core-2.4.4.jar;C:\Dokumente und Einstellungen\sm30264\.m2\repository\com\atlassian\plugins\atlassian-plugins-servlet\2.4.4\atlassian-plugins-servlet-2.4.4.jar;C:\Dokumente und Einstellungen\sm30264\.m2\repository\com\atlassian\plugins\atlassian-plugins-webfragment\2.4.4\atlassian-plugins-webfragment-2.4.4.jar;C:\Dokumente und Einstellungen\sm30264\.m2\repository\com\atlassian\plugins\atlassian-plugins-webresource\2.4.4\atlassian-plugins-webresource-2.4.4.jar;C:\Dokumente und Einstellungen\sm30264\.m2\repository\com\atlassian\plugins\atlassian-plugins-osgi\2.4.4\atlassian-plugins-osgi-2.4.4.jar;C:\Dokumente und Einstellungen\sm30264\.m2\repository\com\atlassian\plugins\atlassian-plugins-osgi-events\2.4.4\atlassian-plugins-osgi-events-2.4.4.jar;C:\Dokumente und Einstellungen\sm30264\.m2\repository\biz\aQute\bndlib\0.0.255\bndlib-0.0.255.jar;C:\Dokumente und Einstellungen\sm30264\.m2\repository\org\apache\felix\org.apache.felix.main\2.0.1-atlassian-3\org.apache.felix.main-2.0.1-atlassian-3.jar;C:\Dokumente und Einstellungen\sm30264\.m2\repository\org\apache\felix\org.apache.felix.framework\2.0.1-atlassian-3\org.apache.felix.framework-2.0.1-atlassian-3.jar;C:\Dokumente und Einstellungen\sm30264\.m2\repository\org\twdata\pkgscanner\package-scanner\0.8.0\package-scanner-0.8.0.jar;C:\Dokumente und Einstellungen\sm30264\.m2\repository\com\atlassian\seraph\atlassian-seraph\2.1.4\atlassian-seraph-2.1.4.jar;C:\Dokumente und Einstellungen\sm30264\.m2\repository\bouncycastle\bcprov-jdk14\138\bcprov-jdk14-138.jar;C:\Dokumente und Einstellungen\sm30264\.m2\repository\com\atlassian\security\auth\trustedapps\atlassian-trusted-apps-core\2.1\atlassian-trusted-apps-core-2.1.jar;C:\Dokumente und Einstellungen\sm30264\.m2\repository\com\atlassian\security\auth\trustedapps\atlassian-trusted-apps-seraph-integration\2.1\atlassian-trusted-apps-seraph-integration-2.1.jar;C:\Dokumente und Einstellungen\sm30264\.m2\repository\bouncycastle\bcprov-jdk15\140\bcprov-jdk15-140.jar;C:\Dokumente und Einstellungen\sm30264\.m2\repository\com\atlassian\renderer\atlassian-renderer\3.14.2\atlassian-renderer-3.14.2.jar;C:\Dokumente und Einstellungen\sm30264\.m2\repository\radeox\radeox\1.0b2-forked-22Apr2004\radeox-1.0b2-forked-22Apr2004.jar;C:\Dokumente und Einstellungen\sm30264\.m2\repository\com\atlassian\gzipfilter\atlassian-gzipfilter\1.9\atlassian-gzipfilter-1.9.jar;C:\Dokumente und Einstellungen\sm30264\.m2\repository\com\atlassian\event\atlassian-event\2.0.0\atlassian-event-2.0.0.jar;C:\Dokumente und Einstellungen\sm30264\.m2\repository\com\google\collections\google-collections\1.0-rc5\google-collections-1.0-rc5.jar;C:\Dokumente und Einstellungen\sm30264\.m2\repository\p6spy\p6spy\1.3\p6spy-1.3.jar;C:\Dokumente und Einstellungen\sm30264\.m2\repository\opensymphony\osworkflow\2.8.0\osworkflow-2.8.0.jar;C:\Dokumente und Einstellungen\sm30264\.m2\repository\com\atlassian\osuser\atlassian-osuser\1.1.1\atlassian-osuser-1.1.1.jar;C:\Dokumente und Einstellungen\sm30264\.m2\repository\opensymphony\propertyset\1.3-21Nov03\propertyset-1.3-21Nov03.jar;C:\Dokumente und Einstellungen\sm30264\.m2\repository\propertyset\propertyset\1.3\propertyset-1.3.jar;C:\Dokumente und Einstellungen\sm30264\.m2\repository\opensymphony\sitemesh\2.3\sitemesh-2.3.jar;C:\Dokumente und Einstellungen\sm30264\.m2\repository\opensymphony\webwork\1.4-atlassian-9\webwork-1.4-atlassian-9.jar;C:\Dokumente und Einstellungen\sm30264\.m2\repository\webwork\pell-multipart-request\1.31.0\pell-multipart-request-1.31.0.jar;C:\Dokumente und Einstellungen\sm30264\.m2\repository\commons-configuration\commons-configuration\1.0\commons-configuration-1.0.jar;C:\Dokumente und Einstellungen\sm30264\.m2\repository\org\apache\lucene\lucene-core\2.9.0\lucene-core-2.9.0.jar;C:\Dokumente und Einstellungen\sm30264\.m2\repository\org\apache\lucene\lucene-analyzers\2.9.0\lucene-analyzers-2.9.0.jar;C:\Dokumente und Einstellungen\sm30264\.m2\repository\org\apache\velocity\velocity-tools\1.3\velocity-tools-1.3.jar;C:\Dokumente und Einstellungen\sm30264\.m2\repository\commons-validator\commons-validator\1.3.1\commons-validator-1.3.1.jar;C:\Dokumente und Einstellungen\sm30264\.m2\repository\sslext\sslext\1.2-0\sslext-1.2-0.jar;C:\Dokumente und Einstellungen\sm30264\.m2\repository\glue\glue\5.0b2\glue-5.0b2.jar;C:\Dokumente und Einstellungen\sm30264\.m2\repository\bsf\bsf\2.2\bsf-2.2.jar;C:\Dokumente und Einstellungen\sm30264\.m2\repository\bsh\bsh\1.2b7\bsh-1.2b7.jar;C:\Dokumente und Einstellungen\sm30264\.m2\repository\org\ofbiz\ofbcore-jira-share\2.1.6\ofbcore-jira-share-2.1.6.jar;C:\Dokumente und Einstellungen\sm30264\.m2\repository\org\ofbiz\ofbcore-jira-entity\2.1.6\ofbcore-jira-entity-2.1.6.jar;C:\Dokumente und Einstellungen\sm30264\.m2\repository\org\ofbiz\ofbcore-jira-service\2.1.6\ofbcore-jira-service-2.1.6.jar;C:\Dokumente und Einstellungen\sm30264\.m2\repository\org\ofbiz\ofbcore-jira-extutil\2.1.6\ofbcore-jira-extutil-2.1.6.jar;C:\Dokumente und Einstellungen\sm30264\.m2\repository\csv\csv\20\csv-20.jar;C:\Dokumente und Einstellungen\sm30264\.m2\repository\picocontainer\picocontainer\1.0\picocontainer-1.0.jar;C:\Dokumente und Einstellungen\sm30264\.m2\repository\jzlib\jzlib\1.0.5\jzlib-1.0.5.jar;C:\Dokumente und Einstellungen\sm30264\.m2\repository\jsch\jsch\0.1.23\jsch-0.1.23.jar;C:\Dokumente und Einstellungen\sm30264\.m2\repository\com\octo\captcha\jcaptcha-all\1.0-RC6\jcaptcha-all-1.0-RC6.jar;C:\Dokumente und Einstellungen\sm30264\.m2\repository\commons-dbcp\commons-dbcp\1.1\commons-dbcp-1.1.jar;C:\Dokumente und Einstellungen\sm30264\.m2\repository\commons-pool\commons-pool\1.1\commons-pool-1.1.jar;C:\Dokumente und Einstellungen\sm30264\.m2\repository\hsqldb\hsqldb\1.8.0.5\hsqldb-1.8.0.5.jar;C:\Dokumente und Einstellungen\sm30264\.m2\repository\concurrent\concurrent\1.3.4\concurrent-1.3.4.jar;C:\Dokumente und Einstellungen\sm30264\.m2\repository\org\springframework\spring\2.0\spring-2.0.jar;C:\Dokumente und Einstellungen\sm30264\.m2\repository\javacvs\javacvs\2007-04-04-patched\javacvs-2007-04-04-patched.jar;C:\Dokumente und Einstellungen\sm30264\.m2\repository\statcvs\statcvs\20060222-patched\statcvs-20060222-patched.jar;C:\Dokumente und Einstellungen\sm30264\.m2\repository\jndi\jndi\1.2.1\jndi-1.2.1.jar;C:\Dokumente und Einstellungen\sm30264\.m2\repository\jta\jta\1.0.1\jta-1.0.1.jar;C:\Dokumente und Einstellungen\sm30264\.m2\repository\ots-jts\ots-jts\1.0\ots-jts-1.0.jar;C:\Dokumente und Einstellungen\sm30264\.m2\repository\jotm\jotm\1.4.3\jotm-1.4.3.jar;C:\Dokumente und Einstellungen\sm30264\.m2\repository\jotm\jotm-jrmp_stubs\1.4.3\jotm-jrmp_stubs-1.4.3.jar;C:\Dokumente und Einstellungen\sm30264\.m2\repository\jotm\jotm-iiop_stubs\1.4.3\jotm-iiop_stubs-1.4.3.jar;C:\Dokumente und Einstellungen\sm30264\.m2\repository\jotm\jonas_timer\1.4.3\jonas_timer-1.4.3.jar;C:\Dokumente und Einstellungen\sm30264\.m2\repository\jotm\objectweb-datasource\1.4.3\objectweb-datasource-1.4.3.jar;C:\Dokumente und Einstellungen\sm30264\.m2\repository\carol\carol\1.5.2\carol-1.5.2.jar;C:\Dokumente und Einstellungen\sm30264\.m2\repository\carol\carol-properties\1.5.2\carol-properties-1.5.2.jar;C:\Dokumente und Einstellungen\sm30264\.m2\repository\xapool\xapool\1.3.1\xapool-1.3.1.jar;C:\Dokumente und Einstellungen\sm30264\.m2\repository\saxon\saxon-noaelfred\6.5.5\saxon-noaelfred-6.5.5.jar;C:\Dokumente und Einstellungen\sm30264\.m2\repository\commons-jelly\commons-jelly\1.0\commons-jelly-1.0.jar;C:\Dokumente und Einstellungen\sm30264\.m2\repository\commons-jelly\commons-jelly-tags-junit\1.0\commons-jelly-tags-junit-1.0.jar;C:\Dokumente und Einstellungen\sm30264\.m2\repository\commons-jelly\commons-jelly-tags-util\1.1.1\commons-jelly-tags-util-1.1.1.jar;C:\Dokumente und Einstellungen\sm30264\.m2\repository\commons-jelly\commons-jelly-tags-email\1.0\commons-jelly-tags-email-1.0.jar;C:\Dokumente und Einstellungen\sm30264\.m2\repository\commons-jelly\commons-jelly-tags-log\1.0\commons-jelly-tags-log-1.0.jar;C:\Dokumente und Einstellungen\sm30264\.m2\repository\commons-jelly\commons-jelly-tags-http\1.0\commons-jelly-tags-http-1.0.jar;C:\Dokumente und Einstellungen\sm30264\.m2\repository\commons-jelly\commons-jelly-tags-soap\1.0\commons-jelly-tags-soap-1.0.jar;C:\Dokumente und Einstellungen\sm30264\.m2\repository\commons-jelly\commons-jelly-tags-sql\1.0\commons-jelly-tags-sql-1.0.jar;C:\Dokumente und Einstellungen\sm30264\.m2\repository\commons-jelly\commons-jelly-tags-regexp\1.0\commons-jelly-tags-regexp-1.0.jar;C:\Dokumente und Einstellungen\sm30264\.m2\repository\commons-jexl\commons-jexl\1.1\commons-jexl-1.1.jar;C:\Dokumente und Einstellungen\sm30264\.m2\repository\com\atlassian\trackback\atlassian-trackback\0.11\atlassian-trackback-0.11.jar;C:\Dokumente und Einstellungen\sm30264\.m2\repository\xmlrpc\xmlrpc\2.0\xmlrpc-2.0.jar;C:\Dokumente und Einstellungen\sm30264\.m2\repository\axis\axis\1.3\axis-1.3.jar;C:\Dokumente und Einstellungen\sm30264\.m2\repository\axis\axis-jaxrpc\1.3\axis-jaxrpc-1.3.jar;C:\Dokumente und Einstellungen\sm30264\.m2\repository\axis\axis-saaj\1.3\axis-saaj-1.3.jar;C:\Dokumente und Einstellungen\sm30264\.m2\repository\commons-discovery\commons-discovery\0.2\commons-discovery-0.2.jar;C:\Dokumente und Einstellungen\sm30264\.m2\repository\xml-security\xmlsec\1.1.0\xmlsec-1.1.0.jar;C:\Dokumente und Einstellungen\sm30264\.m2\repository\datafile\datafile\1.3.3\datafile-1.3.3.jar;C:\Dokumente und Einstellungen\sm30264\.m2\repository\xpp3\xpp3\1.1.3.4-RC8\xpp3-1.1.3.4-RC8.jar;C:\Dokumente und Einstellungen\sm30264\.m2\repository\xstream\xstream\1.1.1\xstream-1.1.1.jar;C:\Dokumente und Einstellungen\sm30264\.m2\repository\jfreechart\jfreechart\1.0.4\jfreechart-1.0.4.jar;C:\Dokumente und Einstellungen\sm30264\.m2\repository\jfree\jcommon\1.0.8\jcommon-1.0.8.jar;C:\Dokumente und Einstellungen\sm30264\.m2\repository\org\tuckey\urlrewrite\2.5.2\urlrewrite-2.5.2.jar;C:\Dokumente und Einstellungen\sm30264\.m2\repository\jtidy\jtidy\r8-20050104\jtidy-r8-20050104.jar;C:\Dokumente und Einstellungen\sm30264\.m2\repository\com\atlassian\modzdetector\modz-detector\0.8\modz-detector-0.8.jar;C:\Dokumente und Einstellungen\sm30264\.m2\repository\org\antlr\antlr-runtime\3.1.3\antlr-runtime-3.1.3.jar;C:\Dokumente und Einstellungen\sm30264\.m2\repository\org\antlr\stringtemplate\3.2\stringtemplate-3.2.jar;C:\Dokumente und Einstellungen\sm30264\.m2\repository\antlr\antlr\2.7.7\antlr-2.7.7.jar;C:\Dokumente und Einstellungen\sm30264\.m2\repository\commons-jrcs\commons-jrcs\diff-0.1.7\commons-jrcs-diff-0.1.7.jar;C:\Dokumente und Einstellungen\sm30264\.m2\repository\com\yahoo\yuicompressor\2.4.2\yuicompressor-2.4.2.jar;C:\Dokumente und Einstellungen\sm30264\.m2\repository\postgresql\postgresql\8.4-701.jdbc3\postgresql-8.4-701.jdbc3.jar;C:\Dokumente und Einstellungen\sm30264\.m2\repository\mysql\mysql-connector-java\5.1.10\mysql-connector-java-5.1.10.jar;C:\Dokumente und Einstellungen\sm30264\.m2\repository\net\sourceforge\jtds\jtds\1.2.2\jtds-1.2.2.jar;C:\Dokumente und Einstellungen\sm30264\.m2\repository\com\atlassian\jira\jira-func-tests\4.1.2\jira-func-tests-4.1.2.jar;C:\Dokumente und Einstellungen\sm30264\.m2\repository\rhino\js\1.5R4-RC3\js-1.5R4-RC3.jar;C:\Dokumente und Einstellungen\sm30264\.m2\repository\exml\exml\7.1\exml-7.1.jar;C:\Dokumente und Einstellungen\sm30264\.m2\repository\net\sourceforge\jwebunit\jwebunit\1.2-atlassian-1\jwebunit-1.2-atlassian-1.jar;C:\Dokumente und Einstellungen\sm30264\.m2\repository\com\meteware\httpunit\httpunit\1.5.4-atlassian-8\httpunit-1.5.4-atlassian-8.jar;C:\Dokumente und Einstellungen\sm30264\.m2\repository\nekohtml\nekohtml\0.8.1\nekohtml-0.8.1.jar;C:\Dokumente und Einstellungen\sm30264\.m2\repository\com\icegreen\greenmail\1.3\greenmail-1.3.jar;C:\Dokumente und Einstellungen\sm30264\.m2\repository\xmlunit\xmlunit\1.0\xmlunit-1.0.jar;C:\Dokumente und Einstellungen\sm30264\.m2\repository\ant\ant\1.5.4\ant-1.5.4.jar;C:\Dokumente und Einstellungen\sm30264\.m2\repository\org\mortbay\jetty\jetty\6.0.2\jetty-6.0.2.jar;C:\Dokumente und Einstellungen\sm30264\.m2\repository\org\mortbay\jetty\jetty-util\6.0.2\jetty-util-6.0.2.jar;C:\Dokumente und Einstellungen\sm30264\.m2\repository\org\mortbay\jetty\servlet-api-2.5\6.0.2\servlet-api-2.5-6.0.2.jar;C:\Dokumente und Einstellungen\sm30264\.m2\repository\cargo-test-runner\cargo-test-runner\2.1.1\cargo-test-runner-2.1.1.jar;C:\Dokumente und Einstellungen\sm30264\.m2\repository\org\codehaus\cargo\cargo-core-uberjar\1.0-atlassianpatch-CARGO-553-2\cargo-core-uberjar-1.0-atlassianpatch-CARGO-553-2.jar;" name="surefire.test.class.path"/>
    <property value="Java Platform API Specification" name="java.specification.name"/>
    <property value="49.0" name="java.class.version"/>
    <property value="HotSpot Client Compiler" name="sun.management.compiler"/>
    <property value="5.1" name="os.version"/>
    <property value="C:\Dokumente und Einstellungen\sm30264" name="user.home"/>
    <property value="" name="user.timezone"/>
    <property value="sun.awt.windows.WPrinterJob" name="java.awt.printerjob"/>
    <property value="1.5" name="java.specification.version"/>
    <property value="Cp1252" name="file.encoding"/>
    <property value="sm30264" name="user.name"/>
    <property value="C:\atlassian-plugin-sdk-3.2\jira-report-plugin\target\test-classes;C:\atlassian-plugin-sdk-3.2\jira-report-plugin\target\classes;C:\Dokumente und Einstellungen\sm30264\.m2\repository\com\atlassian\jira\atlassian-jira\4.1.2\atlassian-jira-4.1.2.jar;C:\Dokumente und Einstellungen\sm30264\.m2\repository\com\atlassian\crowd\crowd-integration-client\2.0.4\crowd-integration-client-2.0.4.jar;C:\Dokumente und Einstellungen\sm30264\.m2\repository\commons-lang\commons-lang\2.4\commons-lang-2.4.jar;C:\Dokumente und Einstellungen\sm30264\.m2\repository\log4j\log4j\1.2.15\log4j-1.2.15.jar;C:\Dokumente und Einstellungen\sm30264\.m2\repository\org\codehaus\xfire\xfire-core\1.2.6\xfire-core-1.2.6.jar;C:\Dokumente und Einstellungen\sm30264\.m2\repository\javax\activation\activation\1.1.1\activation-1.1.1.jar;C:\Dokumente und Einstellungen\sm30264\.m2\repository\wsdl4j\wsdl4j\1.6.1\wsdl4j-1.6.1.jar;C:\Dokumente und Einstellungen\sm30264\.m2\repository\jaxen\jaxen\1.1.1\jaxen-1.1.1.jar;C:\Dokumente und Einstellungen\sm30264\.m2\repository\jdom\jdom\1.0\jdom-1.0.jar;C:\Dokumente und Einstellungen\sm30264\.m2\repository\xerces\xmlParserAPIs\2.2.1\xmlParserAPIs-2.2.1.jar;C:\Dokumente und Einstellungen\sm30264\.m2\repository\xerces\xercesImpl\2.9.1\xercesImpl-2.9.1.jar;C:\Dokumente und Einstellungen\sm30264\.m2\repository\stax\stax-api\1.0.1\stax-api-1.0.1.jar;C:\Dokumente und Einstellungen\sm30264\.m2\repository\commons-codec\commons-codec\1.3\commons-codec-1.3.jar;C:\Dokumente und Einstellungen\sm30264\.m2\repository\org\apache\ws\commons\XmlSchema\1.1\XmlSchema-1.1.jar;C:\Dokumente und Einstellungen\sm30264\.m2\repository\org\codehaus\woodstox\wstx-asl\3.2.4\wstx-asl-3.2.4.jar;C:\Dokumente und Einstellungen\sm30264\.m2\repository\commons-logging\commons-logging\1.0.4\commons-logging-1.0.4.jar;C:\Dokumente und Einstellungen\sm30264\.m2\repository\commons-httpclient\commons-httpclient\3.0.1\commons-httpclient-3.0.1.jar;C:\Dokumente und Einstellungen\sm30264\.m2\repository\org\codehaus\xfire\xfire-aegis\1.2.6\xfire-aegis-1.2.6.jar;C:\Dokumente und Einstellungen\sm30264\.m2\repository\net\java\dev\stax-utils\stax-utils\20040917\stax-utils-20040917.jar;C:\Dokumente und Einstellungen\sm30264\.m2\repository\org\codehaus\xfire\xfire-java5\1.2.6\xfire-java5-1.2.6.jar;C:\Dokumente und Einstellungen\sm30264\.m2\repository\org\codehaus\xfire\xfire-annotations\1.2.6\xfire-annotations-1.2.6.jar;C:\Dokumente und Einstellungen\sm30264\.m2\repository\commons-beanutils\commons-beanutils\1.6.1\commons-beanutils-1.6.1.jar;C:\Dokumente und Einstellungen\sm30264\.m2\repository\commons-attributes\commons-attributes-api\2.1\commons-attributes-api-2.1.jar;C:\Dokumente und Einstellungen\sm30264\.m2\repository\qdox\qdox\1.5\qdox-1.5.jar;C:\Dokumente und Einstellungen\sm30264\.m2\repository\xfire\xfire-jsr181-api\1.0-M1\xfire-jsr181-api-1.0-M1.jar;C:\Dokumente und Einstellungen\sm30264\.m2\repository\net\sf\ehcache\ehcache\1.2.3\ehcache-1.2.3.jar;C:\Dokumente und Einstellungen\sm30264\.m2\repository\commons-collections\commons-collections\3.2\commons-collections-3.2.jar;C:\Dokumente und Einstellungen\sm30264\.m2\repository\javax\mail\mail\1.4.1\mail-1.4.1.jar;C:\Dokumente und Einstellungen\sm30264\.m2\repository\junit\junit\4.6\junit-4.6.jar;C:\Dokumente und Einstellungen\sm30264\.m2\repository\com\atlassian\sal\sal-spi\2.0.17\sal-spi-2.0.17.jar;C:\Dokumente und Einstellungen\sm30264\.m2\repository\com\atlassian\gadgets\atlassian-gadgets-api\1.1.5.1\atlassian-gadgets-api-1.1.5.1.jar;C:\Dokumente und Einstellungen\sm30264\.m2\repository\net\sourceforge\findbugs\jsr305\1.3.2\jsr305-1.3.2.jar;C:\Dokumente und Einstellungen\sm30264\.m2\repository\net\jcip\jcip-annotations\1.0\jcip-annotations-1.0.jar;C:\Dokumente und Einstellungen\sm30264\.m2\repository\com\atlassian\gadgets\atlassian-gadgets-spi\1.1.5.1\atlassian-gadgets-spi-1.1.5.1.jar;C:\Dokumente und Einstellungen\sm30264\.m2\repository\com\atlassian\oauth\atlassian-oauth-api\1.0.8.1\atlassian-oauth-api-1.0.8.1.jar;C:\Dokumente und Einstellungen\sm30264\.m2\repository\com\atlassian\p4package\atlassian-p4package\2007.12.14\atlassian-p4package-2007.12.14.jar;C:\Dokumente und Einstellungen\sm30264\.m2\repository\com\atlassian\extras\atlassian-extras\2.2.2\atlassian-extras-2.2.2.jar;C:\Dokumente und Einstellungen\sm30264\.m2\repository\com\atlassian\cache\atlassian-cache-api\1.0\atlassian-cache-api-1.0.jar;C:\Dokumente und Einstellungen\sm30264\.m2\repository\com\atlassian\cache\atlassian-cache-memory\1.0\atlassian-cache-memory-1.0.jar;C:\Dokumente und Einstellungen\sm30264\.m2\repository\joda-time\joda-time\1.6\joda-time-1.6.jar;C:\Dokumente und Einstellungen\sm30264\.m2\repository\commons-io\commons-io\1.4\commons-io-1.4.jar;C:\Dokumente und Einstellungen\sm30264\.m2\repository\javax\jms\jms\1.1\jms-1.1.jar;C:\Dokumente und Einstellungen\sm30264\.m2\repository\dom4j\dom4j\1.4\dom4j-1.4.jar;C:\Dokumente und Einstellungen\sm30264\.m2\repository\xml-apis\xml-apis\1.3.04\xml-apis-1.3.04.jar;C:\Dokumente und Einstellungen\sm30264\.m2\repository\oro\oro\2.0.7\oro-2.0.7.jar;C:\Dokumente und Einstellungen\sm30264\.m2\repository\com\atlassian\core\atlassian-core\4.5.5\atlassian-core-4.5.5.jar;C:\Dokumente und Einstellungen\sm30264\.m2\repository\mockobjects\alt-jdk1.3\0.07\alt-jdk1.3-0.07.jar;C:\Dokumente und Einstellungen\sm30264\.m2\repository\com\atlassian\webwork1\atlassian-webwork1\1.1\atlassian-webwork1-1.1.jar;C:\Dokumente und Einstellungen\sm30264\.m2\repository\atlassian-bandana\atlassian-bandana\0.1.13\atlassian-bandana-0.1.13.jar;C:\Dokumente und Einstellungen\sm30264\.m2\repository\com\atlassian\util\concurrent\atlassian-util-concurrent\0.0.9\atlassian-util-concurrent-0.0.9.jar;C:\Dokumente und Einstellungen\sm30264\.m2\repository\com\atlassian\ofbiz\atlassian-ofbiz\2.7.3\atlassian-ofbiz-2.7.3.jar;C:\Dokumente und Einstellungen\sm30264\.m2\repository\javax\servlet\servlet-api\2.3\servlet-api-2.3.jar;C:\Dokumente und Einstellungen\sm30264\.m2\repository\com\atlassian\profiling\atlassian-profiling\1.8\atlassian-profiling-1.8.jar;C:\Dokumente und Einstellungen\sm30264\.m2\repository\org\slf4j\slf4j-api\1.5.8\slf4j-api-1.5.8.jar;C:\Dokumente und Einstellungen\sm30264\.m2\repository\org\slf4j\slf4j-log4j12\1.5.8\slf4j-log4j12-1.5.8.jar;C:\Dokumente und Einstellungen\sm30264\.m2\repository\org\slf4j\jul-to-slf4j\1.5.8\jul-to-slf4j-1.5.8.jar;C:\Dokumente und Einstellungen\sm30264\.m2\repository\org\slf4j\jcl-over-slf4j\1.5.8\jcl-over-slf4j-1.5.8.jar;C:\Dokumente und Einstellungen\sm30264\.m2\repository\com\atlassian\jdk\utilities\atlassian-jdk-utilities\0.4\atlassian-jdk-utilities-0.4.jar;C:\Dokumente und Einstellungen\sm30264\.m2\repository\com\atlassian\mail\atlassian-mail\1.16\atlassian-mail-1.16.jar;C:\Dokumente und Einstellungen\sm30264\.m2\repository\com\atlassian\velocity\atlassian-velocity\0.8\atlassian-velocity-0.8.jar;C:\Dokumente und Einstellungen\sm30264\.m2\repository\opensymphony\oscore\2.2.7-atlassian-1\oscore-2.2.7-atlassian-1.jar;C:\Dokumente und Einstellungen\sm30264\.m2\repository\velocity\velocity\1.4-atlassian-8\velocity-1.4-atlassian-8.jar;C:\Dokumente und Einstellungen\sm30264\.m2\repository\mockobjects\mockobjects-alt-jdk1.3-j2ee1.3\0.09\mockobjects-alt-jdk1.3-j2ee1.3-0.09.jar;C:\Dokumente und Einstellungen\sm30264\.m2\repository\commons-digester\commons-digester\1.4.1\commons-digester-1.4.1.jar;C:\Dokumente und Einstellungen\sm30264\.m2\repository\com\atlassian\scheduler\atlassian-scheduler\0.11\atlassian-scheduler-0.11.jar;C:\Dokumente und Einstellungen\sm30264\.m2\repository\quartz\quartz\1.4.5\quartz-1.4.5.jar;C:\Dokumente und Einstellungen\sm30264\.m2\repository\com\atlassian\johnson\atlassian-johnson\0.10\atlassian-johnson-0.10.jar;C:\Dokumente und Einstellungen\sm30264\.m2\repository\oscore\oscore\2.2.6-dev-9Nov05\oscore-2.2.6-dev-9Nov05.jar;C:\Dokumente und Einstellungen\sm30264\.m2\repository\com\atlassian\plugins\atlassian-plugins-core\2.4.4\atlassian-plugins-core-2.4.4.jar;C:\Dokumente und Einstellungen\sm30264\.m2\repository\com\atlassian\plugins\atlassian-plugins-servlet\2.4.4\atlassian-plugins-servlet-2.4.4.jar;C:\Dokumente und Einstellungen\sm30264\.m2\repository\com\atlassian\plugins\atlassian-plugins-webfragment\2.4.4\atlassian-plugins-webfragment-2.4.4.jar;C:\Dokumente und Einstellungen\sm30264\.m2\repository\com\atlassian\plugins\atlassian-plugins-webresource\2.4.4\atlassian-plugins-webresource-2.4.4.jar;C:\Dokumente und Einstellungen\sm30264\.m2\repository\com\atlassian\plugins\atlassian-plugins-osgi\2.4.4\atlassian-plugins-osgi-2.4.4.jar;C:\Dokumente und Einstellungen\sm30264\.m2\repository\com\atlassian\plugins\atlassian-plugins-osgi-events\2.4.4\atlassian-plugins-osgi-events-2.4.4.jar;C:\Dokumente und Einstellungen\sm30264\.m2\repository\biz\aQute\bndlib\0.0.255\bndlib-0.0.255.jar;C:\Dokumente und Einstellungen\sm30264\.m2\repository\org\apache\felix\org.apache.felix.main\2.0.1-atlassian-3\org.apache.felix.main-2.0.1-atlassian-3.jar;C:\Dokumente und Einstellungen\sm30264\.m2\repository\org\apache\felix\org.apache.felix.framework\2.0.1-atlassian-3\org.apache.felix.framework-2.0.1-atlassian-3.jar;C:\Dokumente und Einstellungen\sm30264\.m2\repository\org\twdata\pkgscanner\package-scanner\0.8.0\package-scanner-0.8.0.jar;C:\Dokumente und Einstellungen\sm30264\.m2\repository\com\atlassian\seraph\atlassian-seraph\2.1.4\atlassian-seraph-2.1.4.jar;C:\Dokumente und Einstellungen\sm30264\.m2\repository\bouncycastle\bcprov-jdk14\138\bcprov-jdk14-138.jar;C:\Dokumente und Einstellungen\sm30264\.m2\repository\com\atlassian\security\auth\trustedapps\atlassian-trusted-apps-core\2.1\atlassian-trusted-apps-core-2.1.jar;C:\Dokumente und Einstellungen\sm30264\.m2\repository\com\atlassian\security\auth\trustedapps\atlassian-trusted-apps-seraph-integration\2.1\atlassian-trusted-apps-seraph-integration-2.1.jar;C:\Dokumente und Einstellungen\sm30264\.m2\repository\bouncycastle\bcprov-jdk15\140\bcprov-jdk15-140.jar;C:\Dokumente und Einstellungen\sm30264\.m2\repository\com\atlassian\renderer\atlassian-renderer\3.14.2\atlassian-renderer-3.14.2.jar;C:\Dokumente und Einstellungen\sm30264\.m2\repository\radeox\radeox\1.0b2-forked-22Apr2004\radeox-1.0b2-forked-22Apr2004.jar;C:\Dokumente und Einstellungen\sm30264\.m2\repository\com\atlassian\gzipfilter\atlassian-gzipfilter\1.9\atlassian-gzipfilter-1.9.jar;C:\Dokumente und Einstellungen\sm30264\.m2\repository\com\atlassian\event\atlassian-event\2.0.0\atlassian-event-2.0.0.jar;C:\Dokumente und Einstellungen\sm30264\.m2\repository\com\google\collections\google-collections\1.0-rc5\google-collections-1.0-rc5.jar;C:\Dokumente und Einstellungen\sm30264\.m2\repository\p6spy\p6spy\1.3\p6spy-1.3.jar;C:\Dokumente und Einstellungen\sm30264\.m2\repository\opensymphony\osworkflow\2.8.0\osworkflow-2.8.0.jar;C:\Dokumente und Einstellungen\sm30264\.m2\repository\com\atlassian\osuser\atlassian-osuser\1.1.1\atlassian-osuser-1.1.1.jar;C:\Dokumente und Einstellungen\sm30264\.m2\repository\opensymphony\propertyset\1.3-21Nov03\propertyset-1.3-21Nov03.jar;C:\Dokumente und Einstellungen\sm30264\.m2\repository\propertyset\propertyset\1.3\propertyset-1.3.jar;C:\Dokumente und Einstellungen\sm30264\.m2\repository\opensymphony\sitemesh\2.3\sitemesh-2.3.jar;C:\Dokumente und Einstellungen\sm30264\.m2\repository\opensymphony\webwork\1.4-atlassian-9\webwork-1.4-atlassian-9.jar;C:\Dokumente und Einstellungen\sm30264\.m2\repository\webwork\pell-multipart-request\1.31.0\pell-multipart-request-1.31.0.jar;C:\Dokumente und Einstellungen\sm30264\.m2\repository\commons-configuration\commons-configuration\1.0\commons-configuration-1.0.jar;C:\Dokumente und Einstellungen\sm30264\.m2\repository\org\apache\lucene\lucene-core\2.9.0\lucene-core-2.9.0.jar;C:\Dokumente und Einstellungen\sm30264\.m2\repository\org\apache\lucene\lucene-analyzers\2.9.0\lucene-analyzers-2.9.0.jar;C:\Dokumente und Einstellungen\sm30264\.m2\repository\org\apache\velocity\velocity-tools\1.3\velocity-tools-1.3.jar;C:\Dokumente und Einstellungen\sm30264\.m2\repository\commons-validator\commons-validator\1.3.1\commons-validator-1.3.1.jar;C:\Dokumente und Einstellungen\sm30264\.m2\repository\sslext\sslext\1.2-0\sslext-1.2-0.jar;C:\Dokumente und Einstellungen\sm30264\.m2\repository\glue\glue\5.0b2\glue-5.0b2.jar;C:\Dokumente und Einstellungen\sm30264\.m2\repository\bsf\bsf\2.2\bsf-2.2.jar;C:\Dokumente und Einstellungen\sm30264\.m2\repository\bsh\bsh\1.2b7\bsh-1.2b7.jar;C:\Dokumente und Einstellungen\sm30264\.m2\repository\org\ofbiz\ofbcore-jira-share\2.1.6\ofbcore-jira-share-2.1.6.jar;C:\Dokumente und Einstellungen\sm30264\.m2\repository\org\ofbiz\ofbcore-jira-entity\2.1.6\ofbcore-jira-entity-2.1.6.jar;C:\Dokumente und Einstellungen\sm30264\.m2\repository\org\ofbiz\ofbcore-jira-service\2.1.6\ofbcore-jira-service-2.1.6.jar;C:\Dokumente und Einstellungen\sm30264\.m2\repository\org\ofbiz\ofbcore-jira-extutil\2.1.6\ofbcore-jira-extutil-2.1.6.jar;C:\Dokumente und Einstellungen\sm30264\.m2\repository\csv\csv\20\csv-20.jar;C:\Dokumente und Einstellungen\sm30264\.m2\repository\picocontainer\picocontainer\1.0\picocontainer-1.0.jar;C:\Dokumente und Einstellungen\sm30264\.m2\repository\jzlib\jzlib\1.0.5\jzlib-1.0.5.jar;C:\Dokumente und Einstellungen\sm30264\.m2\repository\jsch\jsch\0.1.23\jsch-0.1.23.jar;C:\Dokumente und Einstellungen\sm30264\.m2\repository\com\octo\captcha\jcaptcha-all\1.0-RC6\jcaptcha-all-1.0-RC6.jar;C:\Dokumente und Einstellungen\sm30264\.m2\repository\commons-dbcp\commons-dbcp\1.1\commons-dbcp-1.1.jar;C:\Dokumente und Einstellungen\sm30264\.m2\repository\commons-pool\commons-pool\1.1\commons-pool-1.1.jar;C:\Dokumente und Einstellungen\sm30264\.m2\repository\hsqldb\hsqldb\1.8.0.5\hsqldb-1.8.0.5.jar;C:\Dokumente und Einstellungen\sm30264\.m2\repository\concurrent\concurrent\1.3.4\concurrent-1.3.4.jar;C:\Dokumente und Einstellungen\sm30264\.m2\repository\org\springframework\spring\2.0\spring-2.0.jar;C:\Dokumente und Einstellungen\sm30264\.m2\repository\javacvs\javacvs\2007-04-04-patched\javacvs-2007-04-04-patched.jar;C:\Dokumente und Einstellungen\sm30264\.m2\repository\statcvs\statcvs\20060222-patched\statcvs-20060222-patched.jar;C:\Dokumente und Einstellungen\sm30264\.m2\repository\jndi\jndi\1.2.1\jndi-1.2.1.jar;C:\Dokumente und Einstellungen\sm30264\.m2\repository\jta\jta\1.0.1\jta-1.0.1.jar;C:\Dokumente und Einstellungen\sm30264\.m2\repository\ots-jts\ots-jts\1.0\ots-jts-1.0.jar;C:\Dokumente und Einstellungen\sm30264\.m2\repository\jotm\jotm\1.4.3\jotm-1.4.3.jar;C:\Dokumente und Einstellungen\sm30264\.m2\repository\jotm\jotm-jrmp_stubs\1.4.3\jotm-jrmp_stubs-1.4.3.jar;C:\Dokumente und Einstellungen\sm30264\.m2\repository\jotm\jotm-iiop_stubs\1.4.3\jotm-iiop_stubs-1.4.3.jar;C:\Dokumente und Einstellungen\sm30264\.m2\repository\jotm\jonas_timer\1.4.3\jonas_timer-1.4.3.jar;C:\Dokumente und Einstellungen\sm30264\.m2\repository\jotm\objectweb-datasource\1.4.3\objectweb-datasource-1.4.3.jar;C:\Dokumente und Einstellungen\sm30264\.m2\repository\carol\carol\1.5.2\carol-1.5.2.jar;C:\Dokumente und Einstellungen\sm30264\.m2\repository\carol\carol-properties\1.5.2\carol-properties-1.5.2.jar;C:\Dokumente und Einstellungen\sm30264\.m2\repository\xapool\xapool\1.3.1\xapool-1.3.1.jar;C:\Dokumente und Einstellungen\sm30264\.m2\repository\saxon\saxon-noaelfred\6.5.5\saxon-noaelfred-6.5.5.jar;C:\Dokumente und Einstellungen\sm30264\.m2\repository\commons-jelly\commons-jelly\1.0\commons-jelly-1.0.jar;C:\Dokumente und Einstellungen\sm30264\.m2\repository\commons-jelly\commons-jelly-tags-junit\1.0\commons-jelly-tags-junit-1.0.jar;C:\Dokumente und Einstellungen\sm30264\.m2\repository\commons-jelly\commons-jelly-tags-util\1.1.1\commons-jelly-tags-util-1.1.1.jar;C:\Dokumente und Einstellungen\sm30264\.m2\repository\commons-jelly\commons-jelly-tags-email\1.0\commons-jelly-tags-email-1.0.jar;C:\Dokumente und Einstellungen\sm30264\.m2\repository\commons-jelly\commons-jelly-tags-log\1.0\commons-jelly-tags-log-1.0.jar;C:\Dokumente und Einstellungen\sm30264\.m2\repository\commons-jelly\commons-jelly-tags-http\1.0\commons-jelly-tags-http-1.0.jar;C:\Dokumente und Einstellungen\sm30264\.m2\repository\commons-jelly\commons-jelly-tags-soap\1.0\commons-jelly-tags-soap-1.0.jar;C:\Dokumente und Einstellungen\sm30264\.m2\repository\commons-jelly\commons-jelly-tags-sql\1.0\commons-jelly-tags-sql-1.0.jar;C:\Dokumente und Einstellungen\sm30264\.m2\repository\commons-jelly\commons-jelly-tags-regexp\1.0\commons-jelly-tags-regexp-1.0.jar;C:\Dokumente und Einstellungen\sm30264\.m2\repository\commons-jexl\commons-jexl\1.1\commons-jexl-1.1.jar;C:\Dokumente und Einstellungen\sm30264\.m2\repository\com\atlassian\trackback\atlassian-trackback\0.11\atlassian-trackback-0.11.jar;C:\Dokumente und Einstellungen\sm30264\.m2\repository\xmlrpc\xmlrpc\2.0\xmlrpc-2.0.jar;C:\Dokumente und Einstellungen\sm30264\.m2\repository\axis\axis\1.3\axis-1.3.jar;C:\Dokumente und Einstellungen\sm30264\.m2\repository\axis\axis-jaxrpc\1.3\axis-jaxrpc-1.3.jar;C:\Dokumente und Einstellungen\sm30264\.m2\repository\axis\axis-saaj\1.3\axis-saaj-1.3.jar;C:\Dokumente und Einstellungen\sm30264\.m2\repository\commons-discovery\commons-discovery\0.2\commons-discovery-0.2.jar;C:\Dokumente und Einstellungen\sm30264\.m2\repository\xml-security\xmlsec\1.1.0\xmlsec-1.1.0.jar;C:\Dokumente und Einstellungen\sm30264\.m2\repository\datafile\datafile\1.3.3\datafile-1.3.3.jar;C:\Dokumente und Einstellungen\sm30264\.m2\repository\xpp3\xpp3\1.1.3.4-RC8\xpp3-1.1.3.4-RC8.jar;C:\Dokumente und Einstellungen\sm30264\.m2\repository\xstream\xstream\1.1.1\xstream-1.1.1.jar;C:\Dokumente und Einstellungen\sm30264\.m2\repository\jfreechart\jfreechart\1.0.4\jfreechart-1.0.4.jar;C:\Dokumente und Einstellungen\sm30264\.m2\repository\jfree\jcommon\1.0.8\jcommon-1.0.8.jar;C:\Dokumente und Einstellungen\sm30264\.m2\repository\org\tuckey\urlrewrite\2.5.2\urlrewrite-2.5.2.jar;C:\Dokumente und Einstellungen\sm30264\.m2\repository\jtidy\jtidy\r8-20050104\jtidy-r8-20050104.jar;C:\Dokumente und Einstellungen\sm30264\.m2\repository\com\atlassian\modzdetector\modz-detector\0.8\modz-detector-0.8.jar;C:\Dokumente und Einstellungen\sm30264\.m2\repository\org\antlr\antlr-runtime\3.1.3\antlr-runtime-3.1.3.jar;C:\Dokumente und Einstellungen\sm30264\.m2\repository\org\antlr\stringtemplate\3.2\stringtemplate-3.2.jar;C:\Dokumente und Einstellungen\sm30264\.m2\repository\antlr\antlr\2.7.7\antlr-2.7.7.jar;C:\Dokumente und Einstellungen\sm30264\.m2\repository\commons-jrcs\commons-jrcs\diff-0.1.7\commons-jrcs-diff-0.1.7.jar;C:\Dokumente und Einstellungen\sm30264\.m2\repository\com\yahoo\yuicompressor\2.4.2\yuicompressor-2.4.2.jar;C:\Dokumente und Einstellungen\sm30264\.m2\repository\postgresql\postgresql\8.4-701.jdbc3\postgresql-8.4-701.jdbc3.jar;C:\Dokumente und Einstellungen\sm30264\.m2\repository\mysql\mysql-connector-java\5.1.10\mysql-connector-java-5.1.10.jar;C:\Dokumente und Einstellungen\sm30264\.m2\repository\net\sourceforge\jtds\jtds\1.2.2\jtds-1.2.2.jar;C:\Dokumente und Einstellungen\sm30264\.m2\repository\com\atlassian\jira\jira-func-tests\4.1.2\jira-func-tests-4.1.2.jar;C:\Dokumente und Einstellungen\sm30264\.m2\repository\rhino\js\1.5R4-RC3\js-1.5R4-RC3.jar;C:\Dokumente und Einstellungen\sm30264\.m2\repository\exml\exml\7.1\exml-7.1.jar;C:\Dokumente und Einstellungen\sm30264\.m2\repository\net\sourceforge\jwebunit\jwebunit\1.2-atlassian-1\jwebunit-1.2-atlassian-1.jar;C:\Dokumente und Einstellungen\sm30264\.m2\repository\com\meteware\httpunit\httpunit\1.5.4-atlassian-8\httpunit-1.5.4-atlassian-8.jar;C:\Dokumente und Einstellungen\sm30264\.m2\repository\nekohtml\nekohtml\0.8.1\nekohtml-0.8.1.jar;C:\Dokumente und Einstellungen\sm30264\.m2\repository\com\icegreen\greenmail\1.3\greenmail-1.3.jar;C:\Dokumente und Einstellungen\sm30264\.m2\repository\xmlunit\xmlunit\1.0\xmlunit-1.0.jar;C:\Dokumente und Einstellungen\sm30264\.m2\repository\ant\ant\1.5.4\ant-1.5.4.jar;C:\Dokumente und Einstellungen\sm30264\.m2\repository\org\mortbay\jetty\jetty\6.0.2\jetty-6.0.2.jar;C:\Dokumente und Einstellungen\sm30264\.m2\repository\org\mortbay\jetty\jetty-util\6.0.2\jetty-util-6.0.2.jar;C:\Dokumente und Einstellungen\sm30264\.m2\repository\org\mortbay\jetty\servlet-api-2.5\6.0.2\servlet-api-2.5-6.0.2.jar;C:\Dokumente und Einstellungen\sm30264\.m2\repository\cargo-test-runner\cargo-test-runner\2.1.1\cargo-test-runner-2.1.1.jar;C:\Dokumente und Einstellungen\sm30264\.m2\repository\org\codehaus\cargo\cargo-core-uberjar\1.0-atlassianpatch-CARGO-553-2\cargo-core-uberjar-1.0-atlassianpatch-CARGO-553-2.jar;" name="java.class.path"/>
    <property value="1.0" name="java.vm.specification.version"/>
    <property value="32" name="sun.arch.data.model"/>
    <property value="D:\devtools\jdk1.5.0_22\jre" name="java.home"/>
    <property value="Sun Microsystems Inc." name="java.specification.vendor"/>
    <property value="de" name="user.language"/>
    <property value="sun.awt.windows.WToolkit" name="awt.toolkit"/>
    <property value="mixed mode" name="java.vm.info"/>
    <property value="1.5.0_22" name="java.version"/>
    <property value="D:\devtools\jdk1.5.0_22\jre\lib\ext" name="java.ext.dirs"/>
    <property value="D:\devtools\jdk1.5.0_22\jre\lib\rt.jar;D:\devtools\jdk1.5.0_22\jre\lib\i18n.jar;D:\devtools\jdk1.5.0_22\jre\lib\sunrsasign.jar;D:\devtools\jdk1.5.0_22\jre\lib\jsse.jar;D:\devtools\jdk1.5.0_22\jre\lib\jce.jar;D:\devtools\jdk1.5.0_22\jre\lib\charsets.jar;D:\devtools\jdk1.5.0_22\jre\classes" name="sun.boot.class.path"/>
    <property value="Sun Microsystems Inc." name="java.vendor"/>
    <property value="C:\Dokumente und Einstellungen\sm30264\.m2\repository" name="localRepository"/>
    <property value="\" name="file.separator"/>
    <property value="http://java.sun.com/cgi-bin/bugreport.cgi" name="java.vendor.url.bug"/>
    <property value="little" name="sun.cpu.endian"/>
    <property value="UnicodeLittle" name="sun.io.unicode.encoding"/>
    <property value="windows" name="sun.desktop"/>
    <property value="pentium_pro+mmx pentium_pro pentium+mmx pentium i486 i386 i86" name="sun.cpu.isalist"/>
  </properties>
  <testcase classname="com.atlassian.plugins.tutorial.jira.report.MyPluginTest" time="0" name="testSomething"/>
</testsuite>